# JRE version: OpenJDK Runtime Environment (11.0.10) (build 11.0.10+0-b96-7249189)
# Java VM: OpenJDK 64-Bit Server VM (11.0.10+0-b96-7249189, mixed mode, tiered, compressed oops, g1 gc, windows-amd64)
Heap:
 garbage-first heap   total 273408K, used 211174K [0x0000000080000000, 0x0000000100000000)
  region size 1024K, 45 young (46080K), 6 survivors (6144K)
 Metaspace       used 116564K, capacity 119647K, committed 119792K, reserved 1153024K
  class space    used 15055K, capacity 16190K, committed 16244K, reserved 1048576K
GC Heap History (20 events):
Event: 64.148 GC heap after
{Heap after GC invocations=58 (full 0):
 garbage-first heap   total 189440K, used 124928K [0x0000000080000000, 0x0000000100000000)
  region size 1024K, 4 young (4096K), 4 survivors (4096K)
 Metaspace       used 103308K, capacity 105831K, committed 106224K, reserved 1140736K
  class space    used 13131K, capacity 14058K, committed 14196K, reserved 1048576K
}
Event: 64.232 GC heap before
{Heap before GC invocations=58 (full 0):
 garbage-first heap   total 189440K, used 130048K [0x0000000080000000, 0x0000000100000000)
  region size 1024K, 9 young (9216K), 4 survivors (4096K)
 Metaspace       used 103320K, capacity 105833K, committed 106224K, reserved 1140736K
  class space    used 13131K, capacity 14058K, committed 14196K, reserved 1048576K
}
Event: 64.246 GC heap after
{Heap after GC invocations=59 (full 0):
 garbage-first heap   total 189440K, used 123015K [0x0000000080000000, 0x0000000100000000)
  region size 1024K, 1 young (1024K), 1 survivors (1024K)
 Metaspace       used 103320K, capacity 105833K, committed 106224K, reserved 1140736K
  class space    used 13131K, capacity 14058K, committed 14196K, reserved 1048576K
}
Event: 65.687 GC heap before
{Heap before GC invocations=59 (full 0):
 garbage-first heap   total 189440K, used 146567K [0x0000000080000000, 0x0000000100000000)
  region size 1024K, 24 young (24576K), 1 survivors (1024K)
 Metaspace       used 105057K, capacity 107733K, committed 107888K, reserved 1142784K
  class space    used 13305K, capacity 14280K, committed 14324K, reserved 1048576K
}
Event: 65.702 GC heap after
{Heap after GC invocations=60 (full 0):
 garbage-first heap   total 189440K, used 125399K [0x0000000080000000, 0x0000000100000000)
  region size 1024K, 3 young (3072K), 3 survivors (3072K)
 Metaspace       used 105057K, capacity 107733K, committed 107888K, reserved 1142784K
  class space    used 13305K, capacity 14280K, committed 14324K, reserved 1048576K
}
Event: 67.126 GC heap before
{Heap before GC invocations=61 (full 0):
 garbage-first heap   total 189440K, used 149975K [0x0000000080000000, 0x0000000100000000)
  region size 1024K, 27 young (27648K), 3 survivors (3072K)
 Metaspace       used 105307K, capacity 107997K, committed 108144K, reserved 1142784K
  class space    used 13305K, capacity 14280K, committed 14324K, reserved 1048576K
}
Event: 67.146 GC heap after
{Heap after GC invocations=62 (full 0):
 garbage-first heap   total 227328K, used 126440K [0x0000000080000000, 0x0000000100000000)
  region size 1024K, 2 young (2048K), 2 survivors (2048K)
 Metaspace       used 105307K, capacity 107997K, committed 108144K, reserved 1142784K
  class space    used 13305K, capacity 14280K, committed 14324K, reserved 1048576K
}
Event: 67.609 GC heap before
{Heap before GC invocations=62 (full 0):
 garbage-first heap   total 227328K, used 135656K [0x0000000080000000, 0x0000000100000000)
  region size 1024K, 11 young (11264K), 2 survivors (2048K)
 Metaspace       used 105404K, capacity 108126K, committed 108400K, reserved 1142784K
  class space    used 13305K, capacity 14280K, committed 14324K, reserved 1048576K
}
Event: 67.617 GC heap after
{Heap after GC invocations=63 (full 0):
 garbage-first heap   total 227328K, used 125041K [0x0000000080000000, 0x0000000100000000)
  region size 1024K, 2 young (2048K), 2 survivors (2048K)
 Metaspace       used 105404K, capacity 108126K, committed 108400K, reserved 1142784K
  class space    used 13305K, capacity 14280K, committed 14324K, reserved 1048576K
}
Event: 68.527 GC heap before
{Heap before GC invocations=63 (full 0):
 garbage-first heap   total 227328K, used 143473K [0x0000000080000000, 0x0000000100000000)
  region size 1024K, 22 young (22528K), 2 survivors (2048K)
 Metaspace       used 105885K, capacity 108641K, committed 108784K, reserved 1144832K
  class space    used 13343K, capacity 14319K, committed 14452K, reserved 1048576K
}
Event: 68.540 GC heap after
{Heap after GC invocations=64 (full 0):
 garbage-first heap   total 227328K, used 125938K [0x0000000080000000, 0x0000000100000000)
  region size 1024K, 3 young (3072K), 3 survivors (3072K)
 Metaspace       used 105885K, capacity 108641K, committed 108784K, reserved 1144832K
  class space    used 13343K, capacity 14319K, committed 14452K, reserved 1048576K
}
Event: 69.960 GC heap before
{Heap before GC invocations=65 (full 0):
 garbage-first heap   total 227328K, used 166898K [0x0000000080000000, 0x0000000100000000)
  region size 1024K, 42 young (43008K), 3 survivors (3072K)
 Metaspace       used 110194K, capacity 113027K, committed 113264K, reserved 1146880K
  class space    used 13948K, capacity 14966K, committed 15092K, reserved 1048576K
}
Event: 69.980 GC heap after
{Heap after GC invocations=66 (full 0):
 garbage-first heap   total 227328K, used 133733K [0x0000000080000000, 0x0000000100000000)
  region size 1024K, 6 young (6144K), 6 survivors (6144K)
 Metaspace       used 110194K, capacity 113027K, committed 113264K, reserved 1146880K
  class space    used 13948K, capacity 14966K, committed 15092K, reserved 1048576K
}
Event: 70.114 GC heap before
{Heap before GC invocations=66 (full 0):
 garbage-first heap   total 227328K, used 137829K [0x0000000080000000, 0x0000000100000000)
  region size 1024K, 11 young (11264K), 6 survivors (6144K)
 Metaspace       used 111661K, capacity 114561K, committed 114800K, reserved 1148928K
  class space    used 14161K, capacity 15228K, committed 15348K, reserved 1048576K
}
Event: 70.130 GC heap after
{Heap after GC invocations=67 (full 0):
 garbage-first heap   total 227328K, used 129453K [0x0000000080000000, 0x0000000100000000)
  region size 1024K, 1 young (1024K), 1 survivors (1024K)
 Metaspace       used 111661K, capacity 114561K, committed 114800K, reserved 1148928K
  class space    used 14161K, capacity 15228K, committed 15348K, reserved 1048576K
}
Event: 71.487 GC heap before
{Heap before GC invocations=67 (full 0):
 garbage-first heap   total 227328K, used 206253K [0x0000000080000000, 0x0000000100000000)
  region size 1024K, 40 young (40960K), 1 survivors (1024K)
 Metaspace       used 115565K, capacity 118754K, committed 119024K, reserved 1153024K
  class space    used 14772K, capacity 15921K, committed 15988K, reserved 1048576K
}
Event: 71.504 GC heap after
{Heap after GC invocations=68 (full 0):
 garbage-first heap   total 227328K, used 155624K [0x0000000080000000, 0x0000000100000000)
  region size 1024K, 5 young (5120K), 5 survivors (5120K)
 Metaspace       used 115565K, capacity 118754K, committed 119024K, reserved 1153024K
  class space    used 14772K, capacity 15921K, committed 15988K, reserved 1048576K
}
Event: 71.957 GC heap before
{Heap before GC invocations=68 (full 0):
 garbage-first heap   total 227328K, used 185320K [0x0000000080000000, 0x0000000100000000)
  region size 1024K, 34 young (34816K), 5 survivors (5120K)
 Metaspace       used 115565K, capacity 118754K, committed 119024K, reserved 1153024K
  class space    used 14772K, capacity 15921K, committed 15988K, reserved 1048576K
}
Event: 72.012 GC heap after
{Heap after GC invocations=69 (full 0):
 garbage-first heap   total 273408K, used 170214K [0x0000000080000000, 0x0000000100000000)
  region size 1024K, 5 young (5120K), 5 survivors (5120K)
 Metaspace       used 115565K, capacity 118754K, committed 119024K, reserved 1153024K
  class space    used 14772K, capacity 15921K, committed 15988K, reserved 1048576K
}
Event: 72.870 GC heap before
{Heap before GC invocations=70 (full 0):
 garbage-first heap   total 273408K, used 211174K [0x0000000080000000, 0x0000000100000000)
  region size 1024K, 44 young (45056K), 5 survivors (5120K)
 Metaspace       used 116564K, capacity 119647K, committed 119792K, reserved 1153024K
  class space    used 15055K, capacity 16190K, committed 16244K, reserved 1048576K
}

